G75*
%MOIN*%
%OFA0B0*%
%FSLAX25Y25*%
%IPPOS*%
%LPD*%
%AMOC8*
5,1,8,0,0,1.08239X$1,22.5*
%
%ADD10C,0.00000*%
D10*
X0001000Y0031000D02*
X0031000Y0001000D01*
X0481000Y0001000D01*
X0491000Y0011000D01*
X0510921Y0031000D01*
X0511000Y0151000D01*
X0501000Y0161000D01*
X0480921Y0180951D01*
X0031000Y0180951D01*
X0011000Y0161000D01*
X0001000Y0151000D01*
X0001000Y0031000D01*
X0020094Y0026000D02*
X0020096Y0026153D01*
X0020102Y0026307D01*
X0020112Y0026460D01*
X0020126Y0026612D01*
X0020144Y0026765D01*
X0020166Y0026916D01*
X0020191Y0027067D01*
X0020221Y0027218D01*
X0020255Y0027368D01*
X0020292Y0027516D01*
X0020333Y0027664D01*
X0020378Y0027810D01*
X0020427Y0027956D01*
X0020480Y0028100D01*
X0020536Y0028242D01*
X0020596Y0028383D01*
X0020660Y0028523D01*
X0020727Y0028661D01*
X0020798Y0028797D01*
X0020873Y0028931D01*
X0020950Y0029063D01*
X0021032Y0029193D01*
X0021116Y0029321D01*
X0021204Y0029447D01*
X0021295Y0029570D01*
X0021389Y0029691D01*
X0021487Y0029809D01*
X0021587Y0029925D01*
X0021691Y0030038D01*
X0021797Y0030149D01*
X0021906Y0030257D01*
X0022018Y0030362D01*
X0022132Y0030463D01*
X0022250Y0030562D01*
X0022369Y0030658D01*
X0022491Y0030751D01*
X0022616Y0030840D01*
X0022743Y0030927D01*
X0022872Y0031009D01*
X0023003Y0031089D01*
X0023136Y0031165D01*
X0023271Y0031238D01*
X0023408Y0031307D01*
X0023547Y0031372D01*
X0023687Y0031434D01*
X0023829Y0031492D01*
X0023972Y0031547D01*
X0024117Y0031598D01*
X0024263Y0031645D01*
X0024410Y0031688D01*
X0024558Y0031727D01*
X0024707Y0031763D01*
X0024857Y0031794D01*
X0025008Y0031822D01*
X0025159Y0031846D01*
X0025312Y0031866D01*
X0025464Y0031882D01*
X0025617Y0031894D01*
X0025770Y0031902D01*
X0025923Y0031906D01*
X0026077Y0031906D01*
X0026230Y0031902D01*
X0026383Y0031894D01*
X0026536Y0031882D01*
X0026688Y0031866D01*
X0026841Y0031846D01*
X0026992Y0031822D01*
X0027143Y0031794D01*
X0027293Y0031763D01*
X0027442Y0031727D01*
X0027590Y0031688D01*
X0027737Y0031645D01*
X0027883Y0031598D01*
X0028028Y0031547D01*
X0028171Y0031492D01*
X0028313Y0031434D01*
X0028453Y0031372D01*
X0028592Y0031307D01*
X0028729Y0031238D01*
X0028864Y0031165D01*
X0028997Y0031089D01*
X0029128Y0031009D01*
X0029257Y0030927D01*
X0029384Y0030840D01*
X0029509Y0030751D01*
X0029631Y0030658D01*
X0029750Y0030562D01*
X0029868Y0030463D01*
X0029982Y0030362D01*
X0030094Y0030257D01*
X0030203Y0030149D01*
X0030309Y0030038D01*
X0030413Y0029925D01*
X0030513Y0029809D01*
X0030611Y0029691D01*
X0030705Y0029570D01*
X0030796Y0029447D01*
X0030884Y0029321D01*
X0030968Y0029193D01*
X0031050Y0029063D01*
X0031127Y0028931D01*
X0031202Y0028797D01*
X0031273Y0028661D01*
X0031340Y0028523D01*
X0031404Y0028383D01*
X0031464Y0028242D01*
X0031520Y0028100D01*
X0031573Y0027956D01*
X0031622Y0027810D01*
X0031667Y0027664D01*
X0031708Y0027516D01*
X0031745Y0027368D01*
X0031779Y0027218D01*
X0031809Y0027067D01*
X0031834Y0026916D01*
X0031856Y0026765D01*
X0031874Y0026612D01*
X0031888Y0026460D01*
X0031898Y0026307D01*
X0031904Y0026153D01*
X0031906Y0026000D01*
X0031904Y0025847D01*
X0031898Y0025693D01*
X0031888Y0025540D01*
X0031874Y0025388D01*
X0031856Y0025235D01*
X0031834Y0025084D01*
X0031809Y0024933D01*
X0031779Y0024782D01*
X0031745Y0024632D01*
X0031708Y0024484D01*
X0031667Y0024336D01*
X0031622Y0024190D01*
X0031573Y0024044D01*
X0031520Y0023900D01*
X0031464Y0023758D01*
X0031404Y0023617D01*
X0031340Y0023477D01*
X0031273Y0023339D01*
X0031202Y0023203D01*
X0031127Y0023069D01*
X0031050Y0022937D01*
X0030968Y0022807D01*
X0030884Y0022679D01*
X0030796Y0022553D01*
X0030705Y0022430D01*
X0030611Y0022309D01*
X0030513Y0022191D01*
X0030413Y0022075D01*
X0030309Y0021962D01*
X0030203Y0021851D01*
X0030094Y0021743D01*
X0029982Y0021638D01*
X0029868Y0021537D01*
X0029750Y0021438D01*
X0029631Y0021342D01*
X0029509Y0021249D01*
X0029384Y0021160D01*
X0029257Y0021073D01*
X0029128Y0020991D01*
X0028997Y0020911D01*
X0028864Y0020835D01*
X0028729Y0020762D01*
X0028592Y0020693D01*
X0028453Y0020628D01*
X0028313Y0020566D01*
X0028171Y0020508D01*
X0028028Y0020453D01*
X0027883Y0020402D01*
X0027737Y0020355D01*
X0027590Y0020312D01*
X0027442Y0020273D01*
X0027293Y0020237D01*
X0027143Y0020206D01*
X0026992Y0020178D01*
X0026841Y0020154D01*
X0026688Y0020134D01*
X0026536Y0020118D01*
X0026383Y0020106D01*
X0026230Y0020098D01*
X0026077Y0020094D01*
X0025923Y0020094D01*
X0025770Y0020098D01*
X0025617Y0020106D01*
X0025464Y0020118D01*
X0025312Y0020134D01*
X0025159Y0020154D01*
X0025008Y0020178D01*
X0024857Y0020206D01*
X0024707Y0020237D01*
X0024558Y0020273D01*
X0024410Y0020312D01*
X0024263Y0020355D01*
X0024117Y0020402D01*
X0023972Y0020453D01*
X0023829Y0020508D01*
X0023687Y0020566D01*
X0023547Y0020628D01*
X0023408Y0020693D01*
X0023271Y0020762D01*
X0023136Y0020835D01*
X0023003Y0020911D01*
X0022872Y0020991D01*
X0022743Y0021073D01*
X0022616Y0021160D01*
X0022491Y0021249D01*
X0022369Y0021342D01*
X0022250Y0021438D01*
X0022132Y0021537D01*
X0022018Y0021638D01*
X0021906Y0021743D01*
X0021797Y0021851D01*
X0021691Y0021962D01*
X0021587Y0022075D01*
X0021487Y0022191D01*
X0021389Y0022309D01*
X0021295Y0022430D01*
X0021204Y0022553D01*
X0021116Y0022679D01*
X0021032Y0022807D01*
X0020950Y0022937D01*
X0020873Y0023069D01*
X0020798Y0023203D01*
X0020727Y0023339D01*
X0020660Y0023477D01*
X0020596Y0023617D01*
X0020536Y0023758D01*
X0020480Y0023900D01*
X0020427Y0024044D01*
X0020378Y0024190D01*
X0020333Y0024336D01*
X0020292Y0024484D01*
X0020255Y0024632D01*
X0020221Y0024782D01*
X0020191Y0024933D01*
X0020166Y0025084D01*
X0020144Y0025235D01*
X0020126Y0025388D01*
X0020112Y0025540D01*
X0020102Y0025693D01*
X0020096Y0025847D01*
X0020094Y0026000D01*
X0020094Y0156000D02*
X0020096Y0156153D01*
X0020102Y0156307D01*
X0020112Y0156460D01*
X0020126Y0156612D01*
X0020144Y0156765D01*
X0020166Y0156916D01*
X0020191Y0157067D01*
X0020221Y0157218D01*
X0020255Y0157368D01*
X0020292Y0157516D01*
X0020333Y0157664D01*
X0020378Y0157810D01*
X0020427Y0157956D01*
X0020480Y0158100D01*
X0020536Y0158242D01*
X0020596Y0158383D01*
X0020660Y0158523D01*
X0020727Y0158661D01*
X0020798Y0158797D01*
X0020873Y0158931D01*
X0020950Y0159063D01*
X0021032Y0159193D01*
X0021116Y0159321D01*
X0021204Y0159447D01*
X0021295Y0159570D01*
X0021389Y0159691D01*
X0021487Y0159809D01*
X0021587Y0159925D01*
X0021691Y0160038D01*
X0021797Y0160149D01*
X0021906Y0160257D01*
X0022018Y0160362D01*
X0022132Y0160463D01*
X0022250Y0160562D01*
X0022369Y0160658D01*
X0022491Y0160751D01*
X0022616Y0160840D01*
X0022743Y0160927D01*
X0022872Y0161009D01*
X0023003Y0161089D01*
X0023136Y0161165D01*
X0023271Y0161238D01*
X0023408Y0161307D01*
X0023547Y0161372D01*
X0023687Y0161434D01*
X0023829Y0161492D01*
X0023972Y0161547D01*
X0024117Y0161598D01*
X0024263Y0161645D01*
X0024410Y0161688D01*
X0024558Y0161727D01*
X0024707Y0161763D01*
X0024857Y0161794D01*
X0025008Y0161822D01*
X0025159Y0161846D01*
X0025312Y0161866D01*
X0025464Y0161882D01*
X0025617Y0161894D01*
X0025770Y0161902D01*
X0025923Y0161906D01*
X0026077Y0161906D01*
X0026230Y0161902D01*
X0026383Y0161894D01*
X0026536Y0161882D01*
X0026688Y0161866D01*
X0026841Y0161846D01*
X0026992Y0161822D01*
X0027143Y0161794D01*
X0027293Y0161763D01*
X0027442Y0161727D01*
X0027590Y0161688D01*
X0027737Y0161645D01*
X0027883Y0161598D01*
X0028028Y0161547D01*
X0028171Y0161492D01*
X0028313Y0161434D01*
X0028453Y0161372D01*
X0028592Y0161307D01*
X0028729Y0161238D01*
X0028864Y0161165D01*
X0028997Y0161089D01*
X0029128Y0161009D01*
X0029257Y0160927D01*
X0029384Y0160840D01*
X0029509Y0160751D01*
X0029631Y0160658D01*
X0029750Y0160562D01*
X0029868Y0160463D01*
X0029982Y0160362D01*
X0030094Y0160257D01*
X0030203Y0160149D01*
X0030309Y0160038D01*
X0030413Y0159925D01*
X0030513Y0159809D01*
X0030611Y0159691D01*
X0030705Y0159570D01*
X0030796Y0159447D01*
X0030884Y0159321D01*
X0030968Y0159193D01*
X0031050Y0159063D01*
X0031127Y0158931D01*
X0031202Y0158797D01*
X0031273Y0158661D01*
X0031340Y0158523D01*
X0031404Y0158383D01*
X0031464Y0158242D01*
X0031520Y0158100D01*
X0031573Y0157956D01*
X0031622Y0157810D01*
X0031667Y0157664D01*
X0031708Y0157516D01*
X0031745Y0157368D01*
X0031779Y0157218D01*
X0031809Y0157067D01*
X0031834Y0156916D01*
X0031856Y0156765D01*
X0031874Y0156612D01*
X0031888Y0156460D01*
X0031898Y0156307D01*
X0031904Y0156153D01*
X0031906Y0156000D01*
X0031904Y0155847D01*
X0031898Y0155693D01*
X0031888Y0155540D01*
X0031874Y0155388D01*
X0031856Y0155235D01*
X0031834Y0155084D01*
X0031809Y0154933D01*
X0031779Y0154782D01*
X0031745Y0154632D01*
X0031708Y0154484D01*
X0031667Y0154336D01*
X0031622Y0154190D01*
X0031573Y0154044D01*
X0031520Y0153900D01*
X0031464Y0153758D01*
X0031404Y0153617D01*
X0031340Y0153477D01*
X0031273Y0153339D01*
X0031202Y0153203D01*
X0031127Y0153069D01*
X0031050Y0152937D01*
X0030968Y0152807D01*
X0030884Y0152679D01*
X0030796Y0152553D01*
X0030705Y0152430D01*
X0030611Y0152309D01*
X0030513Y0152191D01*
X0030413Y0152075D01*
X0030309Y0151962D01*
X0030203Y0151851D01*
X0030094Y0151743D01*
X0029982Y0151638D01*
X0029868Y0151537D01*
X0029750Y0151438D01*
X0029631Y0151342D01*
X0029509Y0151249D01*
X0029384Y0151160D01*
X0029257Y0151073D01*
X0029128Y0150991D01*
X0028997Y0150911D01*
X0028864Y0150835D01*
X0028729Y0150762D01*
X0028592Y0150693D01*
X0028453Y0150628D01*
X0028313Y0150566D01*
X0028171Y0150508D01*
X0028028Y0150453D01*
X0027883Y0150402D01*
X0027737Y0150355D01*
X0027590Y0150312D01*
X0027442Y0150273D01*
X0027293Y0150237D01*
X0027143Y0150206D01*
X0026992Y0150178D01*
X0026841Y0150154D01*
X0026688Y0150134D01*
X0026536Y0150118D01*
X0026383Y0150106D01*
X0026230Y0150098D01*
X0026077Y0150094D01*
X0025923Y0150094D01*
X0025770Y0150098D01*
X0025617Y0150106D01*
X0025464Y0150118D01*
X0025312Y0150134D01*
X0025159Y0150154D01*
X0025008Y0150178D01*
X0024857Y0150206D01*
X0024707Y0150237D01*
X0024558Y0150273D01*
X0024410Y0150312D01*
X0024263Y0150355D01*
X0024117Y0150402D01*
X0023972Y0150453D01*
X0023829Y0150508D01*
X0023687Y0150566D01*
X0023547Y0150628D01*
X0023408Y0150693D01*
X0023271Y0150762D01*
X0023136Y0150835D01*
X0023003Y0150911D01*
X0022872Y0150991D01*
X0022743Y0151073D01*
X0022616Y0151160D01*
X0022491Y0151249D01*
X0022369Y0151342D01*
X0022250Y0151438D01*
X0022132Y0151537D01*
X0022018Y0151638D01*
X0021906Y0151743D01*
X0021797Y0151851D01*
X0021691Y0151962D01*
X0021587Y0152075D01*
X0021487Y0152191D01*
X0021389Y0152309D01*
X0021295Y0152430D01*
X0021204Y0152553D01*
X0021116Y0152679D01*
X0021032Y0152807D01*
X0020950Y0152937D01*
X0020873Y0153069D01*
X0020798Y0153203D01*
X0020727Y0153339D01*
X0020660Y0153477D01*
X0020596Y0153617D01*
X0020536Y0153758D01*
X0020480Y0153900D01*
X0020427Y0154044D01*
X0020378Y0154190D01*
X0020333Y0154336D01*
X0020292Y0154484D01*
X0020255Y0154632D01*
X0020221Y0154782D01*
X0020191Y0154933D01*
X0020166Y0155084D01*
X0020144Y0155235D01*
X0020126Y0155388D01*
X0020112Y0155540D01*
X0020102Y0155693D01*
X0020096Y0155847D01*
X0020094Y0156000D01*
X0480094Y0156000D02*
X0480096Y0156153D01*
X0480102Y0156307D01*
X0480112Y0156460D01*
X0480126Y0156612D01*
X0480144Y0156765D01*
X0480166Y0156916D01*
X0480191Y0157067D01*
X0480221Y0157218D01*
X0480255Y0157368D01*
X0480292Y0157516D01*
X0480333Y0157664D01*
X0480378Y0157810D01*
X0480427Y0157956D01*
X0480480Y0158100D01*
X0480536Y0158242D01*
X0480596Y0158383D01*
X0480660Y0158523D01*
X0480727Y0158661D01*
X0480798Y0158797D01*
X0480873Y0158931D01*
X0480950Y0159063D01*
X0481032Y0159193D01*
X0481116Y0159321D01*
X0481204Y0159447D01*
X0481295Y0159570D01*
X0481389Y0159691D01*
X0481487Y0159809D01*
X0481587Y0159925D01*
X0481691Y0160038D01*
X0481797Y0160149D01*
X0481906Y0160257D01*
X0482018Y0160362D01*
X0482132Y0160463D01*
X0482250Y0160562D01*
X0482369Y0160658D01*
X0482491Y0160751D01*
X0482616Y0160840D01*
X0482743Y0160927D01*
X0482872Y0161009D01*
X0483003Y0161089D01*
X0483136Y0161165D01*
X0483271Y0161238D01*
X0483408Y0161307D01*
X0483547Y0161372D01*
X0483687Y0161434D01*
X0483829Y0161492D01*
X0483972Y0161547D01*
X0484117Y0161598D01*
X0484263Y0161645D01*
X0484410Y0161688D01*
X0484558Y0161727D01*
X0484707Y0161763D01*
X0484857Y0161794D01*
X0485008Y0161822D01*
X0485159Y0161846D01*
X0485312Y0161866D01*
X0485464Y0161882D01*
X0485617Y0161894D01*
X0485770Y0161902D01*
X0485923Y0161906D01*
X0486077Y0161906D01*
X0486230Y0161902D01*
X0486383Y0161894D01*
X0486536Y0161882D01*
X0486688Y0161866D01*
X0486841Y0161846D01*
X0486992Y0161822D01*
X0487143Y0161794D01*
X0487293Y0161763D01*
X0487442Y0161727D01*
X0487590Y0161688D01*
X0487737Y0161645D01*
X0487883Y0161598D01*
X0488028Y0161547D01*
X0488171Y0161492D01*
X0488313Y0161434D01*
X0488453Y0161372D01*
X0488592Y0161307D01*
X0488729Y0161238D01*
X0488864Y0161165D01*
X0488997Y0161089D01*
X0489128Y0161009D01*
X0489257Y0160927D01*
X0489384Y0160840D01*
X0489509Y0160751D01*
X0489631Y0160658D01*
X0489750Y0160562D01*
X0489868Y0160463D01*
X0489982Y0160362D01*
X0490094Y0160257D01*
X0490203Y0160149D01*
X0490309Y0160038D01*
X0490413Y0159925D01*
X0490513Y0159809D01*
X0490611Y0159691D01*
X0490705Y0159570D01*
X0490796Y0159447D01*
X0490884Y0159321D01*
X0490968Y0159193D01*
X0491050Y0159063D01*
X0491127Y0158931D01*
X0491202Y0158797D01*
X0491273Y0158661D01*
X0491340Y0158523D01*
X0491404Y0158383D01*
X0491464Y0158242D01*
X0491520Y0158100D01*
X0491573Y0157956D01*
X0491622Y0157810D01*
X0491667Y0157664D01*
X0491708Y0157516D01*
X0491745Y0157368D01*
X0491779Y0157218D01*
X0491809Y0157067D01*
X0491834Y0156916D01*
X0491856Y0156765D01*
X0491874Y0156612D01*
X0491888Y0156460D01*
X0491898Y0156307D01*
X0491904Y0156153D01*
X0491906Y0156000D01*
X0491904Y0155847D01*
X0491898Y0155693D01*
X0491888Y0155540D01*
X0491874Y0155388D01*
X0491856Y0155235D01*
X0491834Y0155084D01*
X0491809Y0154933D01*
X0491779Y0154782D01*
X0491745Y0154632D01*
X0491708Y0154484D01*
X0491667Y0154336D01*
X0491622Y0154190D01*
X0491573Y0154044D01*
X0491520Y0153900D01*
X0491464Y0153758D01*
X0491404Y0153617D01*
X0491340Y0153477D01*
X0491273Y0153339D01*
X0491202Y0153203D01*
X0491127Y0153069D01*
X0491050Y0152937D01*
X0490968Y0152807D01*
X0490884Y0152679D01*
X0490796Y0152553D01*
X0490705Y0152430D01*
X0490611Y0152309D01*
X0490513Y0152191D01*
X0490413Y0152075D01*
X0490309Y0151962D01*
X0490203Y0151851D01*
X0490094Y0151743D01*
X0489982Y0151638D01*
X0489868Y0151537D01*
X0489750Y0151438D01*
X0489631Y0151342D01*
X0489509Y0151249D01*
X0489384Y0151160D01*
X0489257Y0151073D01*
X0489128Y0150991D01*
X0488997Y0150911D01*
X0488864Y0150835D01*
X0488729Y0150762D01*
X0488592Y0150693D01*
X0488453Y0150628D01*
X0488313Y0150566D01*
X0488171Y0150508D01*
X0488028Y0150453D01*
X0487883Y0150402D01*
X0487737Y0150355D01*
X0487590Y0150312D01*
X0487442Y0150273D01*
X0487293Y0150237D01*
X0487143Y0150206D01*
X0486992Y0150178D01*
X0486841Y0150154D01*
X0486688Y0150134D01*
X0486536Y0150118D01*
X0486383Y0150106D01*
X0486230Y0150098D01*
X0486077Y0150094D01*
X0485923Y0150094D01*
X0485770Y0150098D01*
X0485617Y0150106D01*
X0485464Y0150118D01*
X0485312Y0150134D01*
X0485159Y0150154D01*
X0485008Y0150178D01*
X0484857Y0150206D01*
X0484707Y0150237D01*
X0484558Y0150273D01*
X0484410Y0150312D01*
X0484263Y0150355D01*
X0484117Y0150402D01*
X0483972Y0150453D01*
X0483829Y0150508D01*
X0483687Y0150566D01*
X0483547Y0150628D01*
X0483408Y0150693D01*
X0483271Y0150762D01*
X0483136Y0150835D01*
X0483003Y0150911D01*
X0482872Y0150991D01*
X0482743Y0151073D01*
X0482616Y0151160D01*
X0482491Y0151249D01*
X0482369Y0151342D01*
X0482250Y0151438D01*
X0482132Y0151537D01*
X0482018Y0151638D01*
X0481906Y0151743D01*
X0481797Y0151851D01*
X0481691Y0151962D01*
X0481587Y0152075D01*
X0481487Y0152191D01*
X0481389Y0152309D01*
X0481295Y0152430D01*
X0481204Y0152553D01*
X0481116Y0152679D01*
X0481032Y0152807D01*
X0480950Y0152937D01*
X0480873Y0153069D01*
X0480798Y0153203D01*
X0480727Y0153339D01*
X0480660Y0153477D01*
X0480596Y0153617D01*
X0480536Y0153758D01*
X0480480Y0153900D01*
X0480427Y0154044D01*
X0480378Y0154190D01*
X0480333Y0154336D01*
X0480292Y0154484D01*
X0480255Y0154632D01*
X0480221Y0154782D01*
X0480191Y0154933D01*
X0480166Y0155084D01*
X0480144Y0155235D01*
X0480126Y0155388D01*
X0480112Y0155540D01*
X0480102Y0155693D01*
X0480096Y0155847D01*
X0480094Y0156000D01*
X0480094Y0026000D02*
X0480096Y0026153D01*
X0480102Y0026307D01*
X0480112Y0026460D01*
X0480126Y0026612D01*
X0480144Y0026765D01*
X0480166Y0026916D01*
X0480191Y0027067D01*
X0480221Y0027218D01*
X0480255Y0027368D01*
X0480292Y0027516D01*
X0480333Y0027664D01*
X0480378Y0027810D01*
X0480427Y0027956D01*
X0480480Y0028100D01*
X0480536Y0028242D01*
X0480596Y0028383D01*
X0480660Y0028523D01*
X0480727Y0028661D01*
X0480798Y0028797D01*
X0480873Y0028931D01*
X0480950Y0029063D01*
X0481032Y0029193D01*
X0481116Y0029321D01*
X0481204Y0029447D01*
X0481295Y0029570D01*
X0481389Y0029691D01*
X0481487Y0029809D01*
X0481587Y0029925D01*
X0481691Y0030038D01*
X0481797Y0030149D01*
X0481906Y0030257D01*
X0482018Y0030362D01*
X0482132Y0030463D01*
X0482250Y0030562D01*
X0482369Y0030658D01*
X0482491Y0030751D01*
X0482616Y0030840D01*
X0482743Y0030927D01*
X0482872Y0031009D01*
X0483003Y0031089D01*
X0483136Y0031165D01*
X0483271Y0031238D01*
X0483408Y0031307D01*
X0483547Y0031372D01*
X0483687Y0031434D01*
X0483829Y0031492D01*
X0483972Y0031547D01*
X0484117Y0031598D01*
X0484263Y0031645D01*
X0484410Y0031688D01*
X0484558Y0031727D01*
X0484707Y0031763D01*
X0484857Y0031794D01*
X0485008Y0031822D01*
X0485159Y0031846D01*
X0485312Y0031866D01*
X0485464Y0031882D01*
X0485617Y0031894D01*
X0485770Y0031902D01*
X0485923Y0031906D01*
X0486077Y0031906D01*
X0486230Y0031902D01*
X0486383Y0031894D01*
X0486536Y0031882D01*
X0486688Y0031866D01*
X0486841Y0031846D01*
X0486992Y0031822D01*
X0487143Y0031794D01*
X0487293Y0031763D01*
X0487442Y0031727D01*
X0487590Y0031688D01*
X0487737Y0031645D01*
X0487883Y0031598D01*
X0488028Y0031547D01*
X0488171Y0031492D01*
X0488313Y0031434D01*
X0488453Y0031372D01*
X0488592Y0031307D01*
X0488729Y0031238D01*
X0488864Y0031165D01*
X0488997Y0031089D01*
X0489128Y0031009D01*
X0489257Y0030927D01*
X0489384Y0030840D01*
X0489509Y0030751D01*
X0489631Y0030658D01*
X0489750Y0030562D01*
X0489868Y0030463D01*
X0489982Y0030362D01*
X0490094Y0030257D01*
X0490203Y0030149D01*
X0490309Y0030038D01*
X0490413Y0029925D01*
X0490513Y0029809D01*
X0490611Y0029691D01*
X0490705Y0029570D01*
X0490796Y0029447D01*
X0490884Y0029321D01*
X0490968Y0029193D01*
X0491050Y0029063D01*
X0491127Y0028931D01*
X0491202Y0028797D01*
X0491273Y0028661D01*
X0491340Y0028523D01*
X0491404Y0028383D01*
X0491464Y0028242D01*
X0491520Y0028100D01*
X0491573Y0027956D01*
X0491622Y0027810D01*
X0491667Y0027664D01*
X0491708Y0027516D01*
X0491745Y0027368D01*
X0491779Y0027218D01*
X0491809Y0027067D01*
X0491834Y0026916D01*
X0491856Y0026765D01*
X0491874Y0026612D01*
X0491888Y0026460D01*
X0491898Y0026307D01*
X0491904Y0026153D01*
X0491906Y0026000D01*
X0491904Y0025847D01*
X0491898Y0025693D01*
X0491888Y0025540D01*
X0491874Y0025388D01*
X0491856Y0025235D01*
X0491834Y0025084D01*
X0491809Y0024933D01*
X0491779Y0024782D01*
X0491745Y0024632D01*
X0491708Y0024484D01*
X0491667Y0024336D01*
X0491622Y0024190D01*
X0491573Y0024044D01*
X0491520Y0023900D01*
X0491464Y0023758D01*
X0491404Y0023617D01*
X0491340Y0023477D01*
X0491273Y0023339D01*
X0491202Y0023203D01*
X0491127Y0023069D01*
X0491050Y0022937D01*
X0490968Y0022807D01*
X0490884Y0022679D01*
X0490796Y0022553D01*
X0490705Y0022430D01*
X0490611Y0022309D01*
X0490513Y0022191D01*
X0490413Y0022075D01*
X0490309Y0021962D01*
X0490203Y0021851D01*
X0490094Y0021743D01*
X0489982Y0021638D01*
X0489868Y0021537D01*
X0489750Y0021438D01*
X0489631Y0021342D01*
X0489509Y0021249D01*
X0489384Y0021160D01*
X0489257Y0021073D01*
X0489128Y0020991D01*
X0488997Y0020911D01*
X0488864Y0020835D01*
X0488729Y0020762D01*
X0488592Y0020693D01*
X0488453Y0020628D01*
X0488313Y0020566D01*
X0488171Y0020508D01*
X0488028Y0020453D01*
X0487883Y0020402D01*
X0487737Y0020355D01*
X0487590Y0020312D01*
X0487442Y0020273D01*
X0487293Y0020237D01*
X0487143Y0020206D01*
X0486992Y0020178D01*
X0486841Y0020154D01*
X0486688Y0020134D01*
X0486536Y0020118D01*
X0486383Y0020106D01*
X0486230Y0020098D01*
X0486077Y0020094D01*
X0485923Y0020094D01*
X0485770Y0020098D01*
X0485617Y0020106D01*
X0485464Y0020118D01*
X0485312Y0020134D01*
X0485159Y0020154D01*
X0485008Y0020178D01*
X0484857Y0020206D01*
X0484707Y0020237D01*
X0484558Y0020273D01*
X0484410Y0020312D01*
X0484263Y0020355D01*
X0484117Y0020402D01*
X0483972Y0020453D01*
X0483829Y0020508D01*
X0483687Y0020566D01*
X0483547Y0020628D01*
X0483408Y0020693D01*
X0483271Y0020762D01*
X0483136Y0020835D01*
X0483003Y0020911D01*
X0482872Y0020991D01*
X0482743Y0021073D01*
X0482616Y0021160D01*
X0482491Y0021249D01*
X0482369Y0021342D01*
X0482250Y0021438D01*
X0482132Y0021537D01*
X0482018Y0021638D01*
X0481906Y0021743D01*
X0481797Y0021851D01*
X0481691Y0021962D01*
X0481587Y0022075D01*
X0481487Y0022191D01*
X0481389Y0022309D01*
X0481295Y0022430D01*
X0481204Y0022553D01*
X0481116Y0022679D01*
X0481032Y0022807D01*
X0480950Y0022937D01*
X0480873Y0023069D01*
X0480798Y0023203D01*
X0480727Y0023339D01*
X0480660Y0023477D01*
X0480596Y0023617D01*
X0480536Y0023758D01*
X0480480Y0023900D01*
X0480427Y0024044D01*
X0480378Y0024190D01*
X0480333Y0024336D01*
X0480292Y0024484D01*
X0480255Y0024632D01*
X0480221Y0024782D01*
X0480191Y0024933D01*
X0480166Y0025084D01*
X0480144Y0025235D01*
X0480126Y0025388D01*
X0480112Y0025540D01*
X0480102Y0025693D01*
X0480096Y0025847D01*
X0480094Y0026000D01*
M02*
