G75*
%MOIN*%
%OFA0B0*%
%FSLAX25Y25*%
%IPPOS*%
%LPD*%
%AMOC8*
5,1,8,0,0,1.08239X$1,22.5*
%
%ADD10C,0.00000*%
D10*
X0001000Y0031000D02*
X0031000Y0001000D01*
X0460921Y0001000D01*
X0470921Y0011079D01*
X0481000Y0021000D01*
X0491000Y0031000D01*
X0490921Y0150951D01*
X0480951Y0160951D01*
X0471000Y0171000D01*
X0461000Y0181000D01*
X0031000Y0180951D01*
X0021000Y0171000D01*
X0001000Y0151000D01*
X0001000Y0031000D01*
X0015094Y0046000D02*
X0015096Y0046153D01*
X0015102Y0046307D01*
X0015112Y0046460D01*
X0015126Y0046612D01*
X0015144Y0046765D01*
X0015166Y0046916D01*
X0015191Y0047067D01*
X0015221Y0047218D01*
X0015255Y0047368D01*
X0015292Y0047516D01*
X0015333Y0047664D01*
X0015378Y0047810D01*
X0015427Y0047956D01*
X0015480Y0048100D01*
X0015536Y0048242D01*
X0015596Y0048383D01*
X0015660Y0048523D01*
X0015727Y0048661D01*
X0015798Y0048797D01*
X0015873Y0048931D01*
X0015950Y0049063D01*
X0016032Y0049193D01*
X0016116Y0049321D01*
X0016204Y0049447D01*
X0016295Y0049570D01*
X0016389Y0049691D01*
X0016487Y0049809D01*
X0016587Y0049925D01*
X0016691Y0050038D01*
X0016797Y0050149D01*
X0016906Y0050257D01*
X0017018Y0050362D01*
X0017132Y0050463D01*
X0017250Y0050562D01*
X0017369Y0050658D01*
X0017491Y0050751D01*
X0017616Y0050840D01*
X0017743Y0050927D01*
X0017872Y0051009D01*
X0018003Y0051089D01*
X0018136Y0051165D01*
X0018271Y0051238D01*
X0018408Y0051307D01*
X0018547Y0051372D01*
X0018687Y0051434D01*
X0018829Y0051492D01*
X0018972Y0051547D01*
X0019117Y0051598D01*
X0019263Y0051645D01*
X0019410Y0051688D01*
X0019558Y0051727D01*
X0019707Y0051763D01*
X0019857Y0051794D01*
X0020008Y0051822D01*
X0020159Y0051846D01*
X0020312Y0051866D01*
X0020464Y0051882D01*
X0020617Y0051894D01*
X0020770Y0051902D01*
X0020923Y0051906D01*
X0021077Y0051906D01*
X0021230Y0051902D01*
X0021383Y0051894D01*
X0021536Y0051882D01*
X0021688Y0051866D01*
X0021841Y0051846D01*
X0021992Y0051822D01*
X0022143Y0051794D01*
X0022293Y0051763D01*
X0022442Y0051727D01*
X0022590Y0051688D01*
X0022737Y0051645D01*
X0022883Y0051598D01*
X0023028Y0051547D01*
X0023171Y0051492D01*
X0023313Y0051434D01*
X0023453Y0051372D01*
X0023592Y0051307D01*
X0023729Y0051238D01*
X0023864Y0051165D01*
X0023997Y0051089D01*
X0024128Y0051009D01*
X0024257Y0050927D01*
X0024384Y0050840D01*
X0024509Y0050751D01*
X0024631Y0050658D01*
X0024750Y0050562D01*
X0024868Y0050463D01*
X0024982Y0050362D01*
X0025094Y0050257D01*
X0025203Y0050149D01*
X0025309Y0050038D01*
X0025413Y0049925D01*
X0025513Y0049809D01*
X0025611Y0049691D01*
X0025705Y0049570D01*
X0025796Y0049447D01*
X0025884Y0049321D01*
X0025968Y0049193D01*
X0026050Y0049063D01*
X0026127Y0048931D01*
X0026202Y0048797D01*
X0026273Y0048661D01*
X0026340Y0048523D01*
X0026404Y0048383D01*
X0026464Y0048242D01*
X0026520Y0048100D01*
X0026573Y0047956D01*
X0026622Y0047810D01*
X0026667Y0047664D01*
X0026708Y0047516D01*
X0026745Y0047368D01*
X0026779Y0047218D01*
X0026809Y0047067D01*
X0026834Y0046916D01*
X0026856Y0046765D01*
X0026874Y0046612D01*
X0026888Y0046460D01*
X0026898Y0046307D01*
X0026904Y0046153D01*
X0026906Y0046000D01*
X0026904Y0045847D01*
X0026898Y0045693D01*
X0026888Y0045540D01*
X0026874Y0045388D01*
X0026856Y0045235D01*
X0026834Y0045084D01*
X0026809Y0044933D01*
X0026779Y0044782D01*
X0026745Y0044632D01*
X0026708Y0044484D01*
X0026667Y0044336D01*
X0026622Y0044190D01*
X0026573Y0044044D01*
X0026520Y0043900D01*
X0026464Y0043758D01*
X0026404Y0043617D01*
X0026340Y0043477D01*
X0026273Y0043339D01*
X0026202Y0043203D01*
X0026127Y0043069D01*
X0026050Y0042937D01*
X0025968Y0042807D01*
X0025884Y0042679D01*
X0025796Y0042553D01*
X0025705Y0042430D01*
X0025611Y0042309D01*
X0025513Y0042191D01*
X0025413Y0042075D01*
X0025309Y0041962D01*
X0025203Y0041851D01*
X0025094Y0041743D01*
X0024982Y0041638D01*
X0024868Y0041537D01*
X0024750Y0041438D01*
X0024631Y0041342D01*
X0024509Y0041249D01*
X0024384Y0041160D01*
X0024257Y0041073D01*
X0024128Y0040991D01*
X0023997Y0040911D01*
X0023864Y0040835D01*
X0023729Y0040762D01*
X0023592Y0040693D01*
X0023453Y0040628D01*
X0023313Y0040566D01*
X0023171Y0040508D01*
X0023028Y0040453D01*
X0022883Y0040402D01*
X0022737Y0040355D01*
X0022590Y0040312D01*
X0022442Y0040273D01*
X0022293Y0040237D01*
X0022143Y0040206D01*
X0021992Y0040178D01*
X0021841Y0040154D01*
X0021688Y0040134D01*
X0021536Y0040118D01*
X0021383Y0040106D01*
X0021230Y0040098D01*
X0021077Y0040094D01*
X0020923Y0040094D01*
X0020770Y0040098D01*
X0020617Y0040106D01*
X0020464Y0040118D01*
X0020312Y0040134D01*
X0020159Y0040154D01*
X0020008Y0040178D01*
X0019857Y0040206D01*
X0019707Y0040237D01*
X0019558Y0040273D01*
X0019410Y0040312D01*
X0019263Y0040355D01*
X0019117Y0040402D01*
X0018972Y0040453D01*
X0018829Y0040508D01*
X0018687Y0040566D01*
X0018547Y0040628D01*
X0018408Y0040693D01*
X0018271Y0040762D01*
X0018136Y0040835D01*
X0018003Y0040911D01*
X0017872Y0040991D01*
X0017743Y0041073D01*
X0017616Y0041160D01*
X0017491Y0041249D01*
X0017369Y0041342D01*
X0017250Y0041438D01*
X0017132Y0041537D01*
X0017018Y0041638D01*
X0016906Y0041743D01*
X0016797Y0041851D01*
X0016691Y0041962D01*
X0016587Y0042075D01*
X0016487Y0042191D01*
X0016389Y0042309D01*
X0016295Y0042430D01*
X0016204Y0042553D01*
X0016116Y0042679D01*
X0016032Y0042807D01*
X0015950Y0042937D01*
X0015873Y0043069D01*
X0015798Y0043203D01*
X0015727Y0043339D01*
X0015660Y0043477D01*
X0015596Y0043617D01*
X0015536Y0043758D01*
X0015480Y0043900D01*
X0015427Y0044044D01*
X0015378Y0044190D01*
X0015333Y0044336D01*
X0015292Y0044484D01*
X0015255Y0044632D01*
X0015221Y0044782D01*
X0015191Y0044933D01*
X0015166Y0045084D01*
X0015144Y0045235D01*
X0015126Y0045388D01*
X0015112Y0045540D01*
X0015102Y0045693D01*
X0015096Y0045847D01*
X0015094Y0046000D01*
X0015094Y0136000D02*
X0015096Y0136153D01*
X0015102Y0136307D01*
X0015112Y0136460D01*
X0015126Y0136612D01*
X0015144Y0136765D01*
X0015166Y0136916D01*
X0015191Y0137067D01*
X0015221Y0137218D01*
X0015255Y0137368D01*
X0015292Y0137516D01*
X0015333Y0137664D01*
X0015378Y0137810D01*
X0015427Y0137956D01*
X0015480Y0138100D01*
X0015536Y0138242D01*
X0015596Y0138383D01*
X0015660Y0138523D01*
X0015727Y0138661D01*
X0015798Y0138797D01*
X0015873Y0138931D01*
X0015950Y0139063D01*
X0016032Y0139193D01*
X0016116Y0139321D01*
X0016204Y0139447D01*
X0016295Y0139570D01*
X0016389Y0139691D01*
X0016487Y0139809D01*
X0016587Y0139925D01*
X0016691Y0140038D01*
X0016797Y0140149D01*
X0016906Y0140257D01*
X0017018Y0140362D01*
X0017132Y0140463D01*
X0017250Y0140562D01*
X0017369Y0140658D01*
X0017491Y0140751D01*
X0017616Y0140840D01*
X0017743Y0140927D01*
X0017872Y0141009D01*
X0018003Y0141089D01*
X0018136Y0141165D01*
X0018271Y0141238D01*
X0018408Y0141307D01*
X0018547Y0141372D01*
X0018687Y0141434D01*
X0018829Y0141492D01*
X0018972Y0141547D01*
X0019117Y0141598D01*
X0019263Y0141645D01*
X0019410Y0141688D01*
X0019558Y0141727D01*
X0019707Y0141763D01*
X0019857Y0141794D01*
X0020008Y0141822D01*
X0020159Y0141846D01*
X0020312Y0141866D01*
X0020464Y0141882D01*
X0020617Y0141894D01*
X0020770Y0141902D01*
X0020923Y0141906D01*
X0021077Y0141906D01*
X0021230Y0141902D01*
X0021383Y0141894D01*
X0021536Y0141882D01*
X0021688Y0141866D01*
X0021841Y0141846D01*
X0021992Y0141822D01*
X0022143Y0141794D01*
X0022293Y0141763D01*
X0022442Y0141727D01*
X0022590Y0141688D01*
X0022737Y0141645D01*
X0022883Y0141598D01*
X0023028Y0141547D01*
X0023171Y0141492D01*
X0023313Y0141434D01*
X0023453Y0141372D01*
X0023592Y0141307D01*
X0023729Y0141238D01*
X0023864Y0141165D01*
X0023997Y0141089D01*
X0024128Y0141009D01*
X0024257Y0140927D01*
X0024384Y0140840D01*
X0024509Y0140751D01*
X0024631Y0140658D01*
X0024750Y0140562D01*
X0024868Y0140463D01*
X0024982Y0140362D01*
X0025094Y0140257D01*
X0025203Y0140149D01*
X0025309Y0140038D01*
X0025413Y0139925D01*
X0025513Y0139809D01*
X0025611Y0139691D01*
X0025705Y0139570D01*
X0025796Y0139447D01*
X0025884Y0139321D01*
X0025968Y0139193D01*
X0026050Y0139063D01*
X0026127Y0138931D01*
X0026202Y0138797D01*
X0026273Y0138661D01*
X0026340Y0138523D01*
X0026404Y0138383D01*
X0026464Y0138242D01*
X0026520Y0138100D01*
X0026573Y0137956D01*
X0026622Y0137810D01*
X0026667Y0137664D01*
X0026708Y0137516D01*
X0026745Y0137368D01*
X0026779Y0137218D01*
X0026809Y0137067D01*
X0026834Y0136916D01*
X0026856Y0136765D01*
X0026874Y0136612D01*
X0026888Y0136460D01*
X0026898Y0136307D01*
X0026904Y0136153D01*
X0026906Y0136000D01*
X0026904Y0135847D01*
X0026898Y0135693D01*
X0026888Y0135540D01*
X0026874Y0135388D01*
X0026856Y0135235D01*
X0026834Y0135084D01*
X0026809Y0134933D01*
X0026779Y0134782D01*
X0026745Y0134632D01*
X0026708Y0134484D01*
X0026667Y0134336D01*
X0026622Y0134190D01*
X0026573Y0134044D01*
X0026520Y0133900D01*
X0026464Y0133758D01*
X0026404Y0133617D01*
X0026340Y0133477D01*
X0026273Y0133339D01*
X0026202Y0133203D01*
X0026127Y0133069D01*
X0026050Y0132937D01*
X0025968Y0132807D01*
X0025884Y0132679D01*
X0025796Y0132553D01*
X0025705Y0132430D01*
X0025611Y0132309D01*
X0025513Y0132191D01*
X0025413Y0132075D01*
X0025309Y0131962D01*
X0025203Y0131851D01*
X0025094Y0131743D01*
X0024982Y0131638D01*
X0024868Y0131537D01*
X0024750Y0131438D01*
X0024631Y0131342D01*
X0024509Y0131249D01*
X0024384Y0131160D01*
X0024257Y0131073D01*
X0024128Y0130991D01*
X0023997Y0130911D01*
X0023864Y0130835D01*
X0023729Y0130762D01*
X0023592Y0130693D01*
X0023453Y0130628D01*
X0023313Y0130566D01*
X0023171Y0130508D01*
X0023028Y0130453D01*
X0022883Y0130402D01*
X0022737Y0130355D01*
X0022590Y0130312D01*
X0022442Y0130273D01*
X0022293Y0130237D01*
X0022143Y0130206D01*
X0021992Y0130178D01*
X0021841Y0130154D01*
X0021688Y0130134D01*
X0021536Y0130118D01*
X0021383Y0130106D01*
X0021230Y0130098D01*
X0021077Y0130094D01*
X0020923Y0130094D01*
X0020770Y0130098D01*
X0020617Y0130106D01*
X0020464Y0130118D01*
X0020312Y0130134D01*
X0020159Y0130154D01*
X0020008Y0130178D01*
X0019857Y0130206D01*
X0019707Y0130237D01*
X0019558Y0130273D01*
X0019410Y0130312D01*
X0019263Y0130355D01*
X0019117Y0130402D01*
X0018972Y0130453D01*
X0018829Y0130508D01*
X0018687Y0130566D01*
X0018547Y0130628D01*
X0018408Y0130693D01*
X0018271Y0130762D01*
X0018136Y0130835D01*
X0018003Y0130911D01*
X0017872Y0130991D01*
X0017743Y0131073D01*
X0017616Y0131160D01*
X0017491Y0131249D01*
X0017369Y0131342D01*
X0017250Y0131438D01*
X0017132Y0131537D01*
X0017018Y0131638D01*
X0016906Y0131743D01*
X0016797Y0131851D01*
X0016691Y0131962D01*
X0016587Y0132075D01*
X0016487Y0132191D01*
X0016389Y0132309D01*
X0016295Y0132430D01*
X0016204Y0132553D01*
X0016116Y0132679D01*
X0016032Y0132807D01*
X0015950Y0132937D01*
X0015873Y0133069D01*
X0015798Y0133203D01*
X0015727Y0133339D01*
X0015660Y0133477D01*
X0015596Y0133617D01*
X0015536Y0133758D01*
X0015480Y0133900D01*
X0015427Y0134044D01*
X0015378Y0134190D01*
X0015333Y0134336D01*
X0015292Y0134484D01*
X0015255Y0134632D01*
X0015221Y0134782D01*
X0015191Y0134933D01*
X0015166Y0135084D01*
X0015144Y0135235D01*
X0015126Y0135388D01*
X0015112Y0135540D01*
X0015102Y0135693D01*
X0015096Y0135847D01*
X0015094Y0136000D01*
X0425094Y0091000D02*
X0425096Y0091153D01*
X0425102Y0091307D01*
X0425112Y0091460D01*
X0425126Y0091612D01*
X0425144Y0091765D01*
X0425166Y0091916D01*
X0425191Y0092067D01*
X0425221Y0092218D01*
X0425255Y0092368D01*
X0425292Y0092516D01*
X0425333Y0092664D01*
X0425378Y0092810D01*
X0425427Y0092956D01*
X0425480Y0093100D01*
X0425536Y0093242D01*
X0425596Y0093383D01*
X0425660Y0093523D01*
X0425727Y0093661D01*
X0425798Y0093797D01*
X0425873Y0093931D01*
X0425950Y0094063D01*
X0426032Y0094193D01*
X0426116Y0094321D01*
X0426204Y0094447D01*
X0426295Y0094570D01*
X0426389Y0094691D01*
X0426487Y0094809D01*
X0426587Y0094925D01*
X0426691Y0095038D01*
X0426797Y0095149D01*
X0426906Y0095257D01*
X0427018Y0095362D01*
X0427132Y0095463D01*
X0427250Y0095562D01*
X0427369Y0095658D01*
X0427491Y0095751D01*
X0427616Y0095840D01*
X0427743Y0095927D01*
X0427872Y0096009D01*
X0428003Y0096089D01*
X0428136Y0096165D01*
X0428271Y0096238D01*
X0428408Y0096307D01*
X0428547Y0096372D01*
X0428687Y0096434D01*
X0428829Y0096492D01*
X0428972Y0096547D01*
X0429117Y0096598D01*
X0429263Y0096645D01*
X0429410Y0096688D01*
X0429558Y0096727D01*
X0429707Y0096763D01*
X0429857Y0096794D01*
X0430008Y0096822D01*
X0430159Y0096846D01*
X0430312Y0096866D01*
X0430464Y0096882D01*
X0430617Y0096894D01*
X0430770Y0096902D01*
X0430923Y0096906D01*
X0431077Y0096906D01*
X0431230Y0096902D01*
X0431383Y0096894D01*
X0431536Y0096882D01*
X0431688Y0096866D01*
X0431841Y0096846D01*
X0431992Y0096822D01*
X0432143Y0096794D01*
X0432293Y0096763D01*
X0432442Y0096727D01*
X0432590Y0096688D01*
X0432737Y0096645D01*
X0432883Y0096598D01*
X0433028Y0096547D01*
X0433171Y0096492D01*
X0433313Y0096434D01*
X0433453Y0096372D01*
X0433592Y0096307D01*
X0433729Y0096238D01*
X0433864Y0096165D01*
X0433997Y0096089D01*
X0434128Y0096009D01*
X0434257Y0095927D01*
X0434384Y0095840D01*
X0434509Y0095751D01*
X0434631Y0095658D01*
X0434750Y0095562D01*
X0434868Y0095463D01*
X0434982Y0095362D01*
X0435094Y0095257D01*
X0435203Y0095149D01*
X0435309Y0095038D01*
X0435413Y0094925D01*
X0435513Y0094809D01*
X0435611Y0094691D01*
X0435705Y0094570D01*
X0435796Y0094447D01*
X0435884Y0094321D01*
X0435968Y0094193D01*
X0436050Y0094063D01*
X0436127Y0093931D01*
X0436202Y0093797D01*
X0436273Y0093661D01*
X0436340Y0093523D01*
X0436404Y0093383D01*
X0436464Y0093242D01*
X0436520Y0093100D01*
X0436573Y0092956D01*
X0436622Y0092810D01*
X0436667Y0092664D01*
X0436708Y0092516D01*
X0436745Y0092368D01*
X0436779Y0092218D01*
X0436809Y0092067D01*
X0436834Y0091916D01*
X0436856Y0091765D01*
X0436874Y0091612D01*
X0436888Y0091460D01*
X0436898Y0091307D01*
X0436904Y0091153D01*
X0436906Y0091000D01*
X0436904Y0090847D01*
X0436898Y0090693D01*
X0436888Y0090540D01*
X0436874Y0090388D01*
X0436856Y0090235D01*
X0436834Y0090084D01*
X0436809Y0089933D01*
X0436779Y0089782D01*
X0436745Y0089632D01*
X0436708Y0089484D01*
X0436667Y0089336D01*
X0436622Y0089190D01*
X0436573Y0089044D01*
X0436520Y0088900D01*
X0436464Y0088758D01*
X0436404Y0088617D01*
X0436340Y0088477D01*
X0436273Y0088339D01*
X0436202Y0088203D01*
X0436127Y0088069D01*
X0436050Y0087937D01*
X0435968Y0087807D01*
X0435884Y0087679D01*
X0435796Y0087553D01*
X0435705Y0087430D01*
X0435611Y0087309D01*
X0435513Y0087191D01*
X0435413Y0087075D01*
X0435309Y0086962D01*
X0435203Y0086851D01*
X0435094Y0086743D01*
X0434982Y0086638D01*
X0434868Y0086537D01*
X0434750Y0086438D01*
X0434631Y0086342D01*
X0434509Y0086249D01*
X0434384Y0086160D01*
X0434257Y0086073D01*
X0434128Y0085991D01*
X0433997Y0085911D01*
X0433864Y0085835D01*
X0433729Y0085762D01*
X0433592Y0085693D01*
X0433453Y0085628D01*
X0433313Y0085566D01*
X0433171Y0085508D01*
X0433028Y0085453D01*
X0432883Y0085402D01*
X0432737Y0085355D01*
X0432590Y0085312D01*
X0432442Y0085273D01*
X0432293Y0085237D01*
X0432143Y0085206D01*
X0431992Y0085178D01*
X0431841Y0085154D01*
X0431688Y0085134D01*
X0431536Y0085118D01*
X0431383Y0085106D01*
X0431230Y0085098D01*
X0431077Y0085094D01*
X0430923Y0085094D01*
X0430770Y0085098D01*
X0430617Y0085106D01*
X0430464Y0085118D01*
X0430312Y0085134D01*
X0430159Y0085154D01*
X0430008Y0085178D01*
X0429857Y0085206D01*
X0429707Y0085237D01*
X0429558Y0085273D01*
X0429410Y0085312D01*
X0429263Y0085355D01*
X0429117Y0085402D01*
X0428972Y0085453D01*
X0428829Y0085508D01*
X0428687Y0085566D01*
X0428547Y0085628D01*
X0428408Y0085693D01*
X0428271Y0085762D01*
X0428136Y0085835D01*
X0428003Y0085911D01*
X0427872Y0085991D01*
X0427743Y0086073D01*
X0427616Y0086160D01*
X0427491Y0086249D01*
X0427369Y0086342D01*
X0427250Y0086438D01*
X0427132Y0086537D01*
X0427018Y0086638D01*
X0426906Y0086743D01*
X0426797Y0086851D01*
X0426691Y0086962D01*
X0426587Y0087075D01*
X0426487Y0087191D01*
X0426389Y0087309D01*
X0426295Y0087430D01*
X0426204Y0087553D01*
X0426116Y0087679D01*
X0426032Y0087807D01*
X0425950Y0087937D01*
X0425873Y0088069D01*
X0425798Y0088203D01*
X0425727Y0088339D01*
X0425660Y0088477D01*
X0425596Y0088617D01*
X0425536Y0088758D01*
X0425480Y0088900D01*
X0425427Y0089044D01*
X0425378Y0089190D01*
X0425333Y0089336D01*
X0425292Y0089484D01*
X0425255Y0089632D01*
X0425221Y0089782D01*
X0425191Y0089933D01*
X0425166Y0090084D01*
X0425144Y0090235D01*
X0425126Y0090388D01*
X0425112Y0090540D01*
X0425102Y0090693D01*
X0425096Y0090847D01*
X0425094Y0091000D01*
X0465094Y0136000D02*
X0465096Y0136153D01*
X0465102Y0136307D01*
X0465112Y0136460D01*
X0465126Y0136612D01*
X0465144Y0136765D01*
X0465166Y0136916D01*
X0465191Y0137067D01*
X0465221Y0137218D01*
X0465255Y0137368D01*
X0465292Y0137516D01*
X0465333Y0137664D01*
X0465378Y0137810D01*
X0465427Y0137956D01*
X0465480Y0138100D01*
X0465536Y0138242D01*
X0465596Y0138383D01*
X0465660Y0138523D01*
X0465727Y0138661D01*
X0465798Y0138797D01*
X0465873Y0138931D01*
X0465950Y0139063D01*
X0466032Y0139193D01*
X0466116Y0139321D01*
X0466204Y0139447D01*
X0466295Y0139570D01*
X0466389Y0139691D01*
X0466487Y0139809D01*
X0466587Y0139925D01*
X0466691Y0140038D01*
X0466797Y0140149D01*
X0466906Y0140257D01*
X0467018Y0140362D01*
X0467132Y0140463D01*
X0467250Y0140562D01*
X0467369Y0140658D01*
X0467491Y0140751D01*
X0467616Y0140840D01*
X0467743Y0140927D01*
X0467872Y0141009D01*
X0468003Y0141089D01*
X0468136Y0141165D01*
X0468271Y0141238D01*
X0468408Y0141307D01*
X0468547Y0141372D01*
X0468687Y0141434D01*
X0468829Y0141492D01*
X0468972Y0141547D01*
X0469117Y0141598D01*
X0469263Y0141645D01*
X0469410Y0141688D01*
X0469558Y0141727D01*
X0469707Y0141763D01*
X0469857Y0141794D01*
X0470008Y0141822D01*
X0470159Y0141846D01*
X0470312Y0141866D01*
X0470464Y0141882D01*
X0470617Y0141894D01*
X0470770Y0141902D01*
X0470923Y0141906D01*
X0471077Y0141906D01*
X0471230Y0141902D01*
X0471383Y0141894D01*
X0471536Y0141882D01*
X0471688Y0141866D01*
X0471841Y0141846D01*
X0471992Y0141822D01*
X0472143Y0141794D01*
X0472293Y0141763D01*
X0472442Y0141727D01*
X0472590Y0141688D01*
X0472737Y0141645D01*
X0472883Y0141598D01*
X0473028Y0141547D01*
X0473171Y0141492D01*
X0473313Y0141434D01*
X0473453Y0141372D01*
X0473592Y0141307D01*
X0473729Y0141238D01*
X0473864Y0141165D01*
X0473997Y0141089D01*
X0474128Y0141009D01*
X0474257Y0140927D01*
X0474384Y0140840D01*
X0474509Y0140751D01*
X0474631Y0140658D01*
X0474750Y0140562D01*
X0474868Y0140463D01*
X0474982Y0140362D01*
X0475094Y0140257D01*
X0475203Y0140149D01*
X0475309Y0140038D01*
X0475413Y0139925D01*
X0475513Y0139809D01*
X0475611Y0139691D01*
X0475705Y0139570D01*
X0475796Y0139447D01*
X0475884Y0139321D01*
X0475968Y0139193D01*
X0476050Y0139063D01*
X0476127Y0138931D01*
X0476202Y0138797D01*
X0476273Y0138661D01*
X0476340Y0138523D01*
X0476404Y0138383D01*
X0476464Y0138242D01*
X0476520Y0138100D01*
X0476573Y0137956D01*
X0476622Y0137810D01*
X0476667Y0137664D01*
X0476708Y0137516D01*
X0476745Y0137368D01*
X0476779Y0137218D01*
X0476809Y0137067D01*
X0476834Y0136916D01*
X0476856Y0136765D01*
X0476874Y0136612D01*
X0476888Y0136460D01*
X0476898Y0136307D01*
X0476904Y0136153D01*
X0476906Y0136000D01*
X0476904Y0135847D01*
X0476898Y0135693D01*
X0476888Y0135540D01*
X0476874Y0135388D01*
X0476856Y0135235D01*
X0476834Y0135084D01*
X0476809Y0134933D01*
X0476779Y0134782D01*
X0476745Y0134632D01*
X0476708Y0134484D01*
X0476667Y0134336D01*
X0476622Y0134190D01*
X0476573Y0134044D01*
X0476520Y0133900D01*
X0476464Y0133758D01*
X0476404Y0133617D01*
X0476340Y0133477D01*
X0476273Y0133339D01*
X0476202Y0133203D01*
X0476127Y0133069D01*
X0476050Y0132937D01*
X0475968Y0132807D01*
X0475884Y0132679D01*
X0475796Y0132553D01*
X0475705Y0132430D01*
X0475611Y0132309D01*
X0475513Y0132191D01*
X0475413Y0132075D01*
X0475309Y0131962D01*
X0475203Y0131851D01*
X0475094Y0131743D01*
X0474982Y0131638D01*
X0474868Y0131537D01*
X0474750Y0131438D01*
X0474631Y0131342D01*
X0474509Y0131249D01*
X0474384Y0131160D01*
X0474257Y0131073D01*
X0474128Y0130991D01*
X0473997Y0130911D01*
X0473864Y0130835D01*
X0473729Y0130762D01*
X0473592Y0130693D01*
X0473453Y0130628D01*
X0473313Y0130566D01*
X0473171Y0130508D01*
X0473028Y0130453D01*
X0472883Y0130402D01*
X0472737Y0130355D01*
X0472590Y0130312D01*
X0472442Y0130273D01*
X0472293Y0130237D01*
X0472143Y0130206D01*
X0471992Y0130178D01*
X0471841Y0130154D01*
X0471688Y0130134D01*
X0471536Y0130118D01*
X0471383Y0130106D01*
X0471230Y0130098D01*
X0471077Y0130094D01*
X0470923Y0130094D01*
X0470770Y0130098D01*
X0470617Y0130106D01*
X0470464Y0130118D01*
X0470312Y0130134D01*
X0470159Y0130154D01*
X0470008Y0130178D01*
X0469857Y0130206D01*
X0469707Y0130237D01*
X0469558Y0130273D01*
X0469410Y0130312D01*
X0469263Y0130355D01*
X0469117Y0130402D01*
X0468972Y0130453D01*
X0468829Y0130508D01*
X0468687Y0130566D01*
X0468547Y0130628D01*
X0468408Y0130693D01*
X0468271Y0130762D01*
X0468136Y0130835D01*
X0468003Y0130911D01*
X0467872Y0130991D01*
X0467743Y0131073D01*
X0467616Y0131160D01*
X0467491Y0131249D01*
X0467369Y0131342D01*
X0467250Y0131438D01*
X0467132Y0131537D01*
X0467018Y0131638D01*
X0466906Y0131743D01*
X0466797Y0131851D01*
X0466691Y0131962D01*
X0466587Y0132075D01*
X0466487Y0132191D01*
X0466389Y0132309D01*
X0466295Y0132430D01*
X0466204Y0132553D01*
X0466116Y0132679D01*
X0466032Y0132807D01*
X0465950Y0132937D01*
X0465873Y0133069D01*
X0465798Y0133203D01*
X0465727Y0133339D01*
X0465660Y0133477D01*
X0465596Y0133617D01*
X0465536Y0133758D01*
X0465480Y0133900D01*
X0465427Y0134044D01*
X0465378Y0134190D01*
X0465333Y0134336D01*
X0465292Y0134484D01*
X0465255Y0134632D01*
X0465221Y0134782D01*
X0465191Y0134933D01*
X0465166Y0135084D01*
X0465144Y0135235D01*
X0465126Y0135388D01*
X0465112Y0135540D01*
X0465102Y0135693D01*
X0465096Y0135847D01*
X0465094Y0136000D01*
X0465094Y0046000D02*
X0465096Y0046153D01*
X0465102Y0046307D01*
X0465112Y0046460D01*
X0465126Y0046612D01*
X0465144Y0046765D01*
X0465166Y0046916D01*
X0465191Y0047067D01*
X0465221Y0047218D01*
X0465255Y0047368D01*
X0465292Y0047516D01*
X0465333Y0047664D01*
X0465378Y0047810D01*
X0465427Y0047956D01*
X0465480Y0048100D01*
X0465536Y0048242D01*
X0465596Y0048383D01*
X0465660Y0048523D01*
X0465727Y0048661D01*
X0465798Y0048797D01*
X0465873Y0048931D01*
X0465950Y0049063D01*
X0466032Y0049193D01*
X0466116Y0049321D01*
X0466204Y0049447D01*
X0466295Y0049570D01*
X0466389Y0049691D01*
X0466487Y0049809D01*
X0466587Y0049925D01*
X0466691Y0050038D01*
X0466797Y0050149D01*
X0466906Y0050257D01*
X0467018Y0050362D01*
X0467132Y0050463D01*
X0467250Y0050562D01*
X0467369Y0050658D01*
X0467491Y0050751D01*
X0467616Y0050840D01*
X0467743Y0050927D01*
X0467872Y0051009D01*
X0468003Y0051089D01*
X0468136Y0051165D01*
X0468271Y0051238D01*
X0468408Y0051307D01*
X0468547Y0051372D01*
X0468687Y0051434D01*
X0468829Y0051492D01*
X0468972Y0051547D01*
X0469117Y0051598D01*
X0469263Y0051645D01*
X0469410Y0051688D01*
X0469558Y0051727D01*
X0469707Y0051763D01*
X0469857Y0051794D01*
X0470008Y0051822D01*
X0470159Y0051846D01*
X0470312Y0051866D01*
X0470464Y0051882D01*
X0470617Y0051894D01*
X0470770Y0051902D01*
X0470923Y0051906D01*
X0471077Y0051906D01*
X0471230Y0051902D01*
X0471383Y0051894D01*
X0471536Y0051882D01*
X0471688Y0051866D01*
X0471841Y0051846D01*
X0471992Y0051822D01*
X0472143Y0051794D01*
X0472293Y0051763D01*
X0472442Y0051727D01*
X0472590Y0051688D01*
X0472737Y0051645D01*
X0472883Y0051598D01*
X0473028Y0051547D01*
X0473171Y0051492D01*
X0473313Y0051434D01*
X0473453Y0051372D01*
X0473592Y0051307D01*
X0473729Y0051238D01*
X0473864Y0051165D01*
X0473997Y0051089D01*
X0474128Y0051009D01*
X0474257Y0050927D01*
X0474384Y0050840D01*
X0474509Y0050751D01*
X0474631Y0050658D01*
X0474750Y0050562D01*
X0474868Y0050463D01*
X0474982Y0050362D01*
X0475094Y0050257D01*
X0475203Y0050149D01*
X0475309Y0050038D01*
X0475413Y0049925D01*
X0475513Y0049809D01*
X0475611Y0049691D01*
X0475705Y0049570D01*
X0475796Y0049447D01*
X0475884Y0049321D01*
X0475968Y0049193D01*
X0476050Y0049063D01*
X0476127Y0048931D01*
X0476202Y0048797D01*
X0476273Y0048661D01*
X0476340Y0048523D01*
X0476404Y0048383D01*
X0476464Y0048242D01*
X0476520Y0048100D01*
X0476573Y0047956D01*
X0476622Y0047810D01*
X0476667Y0047664D01*
X0476708Y0047516D01*
X0476745Y0047368D01*
X0476779Y0047218D01*
X0476809Y0047067D01*
X0476834Y0046916D01*
X0476856Y0046765D01*
X0476874Y0046612D01*
X0476888Y0046460D01*
X0476898Y0046307D01*
X0476904Y0046153D01*
X0476906Y0046000D01*
X0476904Y0045847D01*
X0476898Y0045693D01*
X0476888Y0045540D01*
X0476874Y0045388D01*
X0476856Y0045235D01*
X0476834Y0045084D01*
X0476809Y0044933D01*
X0476779Y0044782D01*
X0476745Y0044632D01*
X0476708Y0044484D01*
X0476667Y0044336D01*
X0476622Y0044190D01*
X0476573Y0044044D01*
X0476520Y0043900D01*
X0476464Y0043758D01*
X0476404Y0043617D01*
X0476340Y0043477D01*
X0476273Y0043339D01*
X0476202Y0043203D01*
X0476127Y0043069D01*
X0476050Y0042937D01*
X0475968Y0042807D01*
X0475884Y0042679D01*
X0475796Y0042553D01*
X0475705Y0042430D01*
X0475611Y0042309D01*
X0475513Y0042191D01*
X0475413Y0042075D01*
X0475309Y0041962D01*
X0475203Y0041851D01*
X0475094Y0041743D01*
X0474982Y0041638D01*
X0474868Y0041537D01*
X0474750Y0041438D01*
X0474631Y0041342D01*
X0474509Y0041249D01*
X0474384Y0041160D01*
X0474257Y0041073D01*
X0474128Y0040991D01*
X0473997Y0040911D01*
X0473864Y0040835D01*
X0473729Y0040762D01*
X0473592Y0040693D01*
X0473453Y0040628D01*
X0473313Y0040566D01*
X0473171Y0040508D01*
X0473028Y0040453D01*
X0472883Y0040402D01*
X0472737Y0040355D01*
X0472590Y0040312D01*
X0472442Y0040273D01*
X0472293Y0040237D01*
X0472143Y0040206D01*
X0471992Y0040178D01*
X0471841Y0040154D01*
X0471688Y0040134D01*
X0471536Y0040118D01*
X0471383Y0040106D01*
X0471230Y0040098D01*
X0471077Y0040094D01*
X0470923Y0040094D01*
X0470770Y0040098D01*
X0470617Y0040106D01*
X0470464Y0040118D01*
X0470312Y0040134D01*
X0470159Y0040154D01*
X0470008Y0040178D01*
X0469857Y0040206D01*
X0469707Y0040237D01*
X0469558Y0040273D01*
X0469410Y0040312D01*
X0469263Y0040355D01*
X0469117Y0040402D01*
X0468972Y0040453D01*
X0468829Y0040508D01*
X0468687Y0040566D01*
X0468547Y0040628D01*
X0468408Y0040693D01*
X0468271Y0040762D01*
X0468136Y0040835D01*
X0468003Y0040911D01*
X0467872Y0040991D01*
X0467743Y0041073D01*
X0467616Y0041160D01*
X0467491Y0041249D01*
X0467369Y0041342D01*
X0467250Y0041438D01*
X0467132Y0041537D01*
X0467018Y0041638D01*
X0466906Y0041743D01*
X0466797Y0041851D01*
X0466691Y0041962D01*
X0466587Y0042075D01*
X0466487Y0042191D01*
X0466389Y0042309D01*
X0466295Y0042430D01*
X0466204Y0042553D01*
X0466116Y0042679D01*
X0466032Y0042807D01*
X0465950Y0042937D01*
X0465873Y0043069D01*
X0465798Y0043203D01*
X0465727Y0043339D01*
X0465660Y0043477D01*
X0465596Y0043617D01*
X0465536Y0043758D01*
X0465480Y0043900D01*
X0465427Y0044044D01*
X0465378Y0044190D01*
X0465333Y0044336D01*
X0465292Y0044484D01*
X0465255Y0044632D01*
X0465221Y0044782D01*
X0465191Y0044933D01*
X0465166Y0045084D01*
X0465144Y0045235D01*
X0465126Y0045388D01*
X0465112Y0045540D01*
X0465102Y0045693D01*
X0465096Y0045847D01*
X0465094Y0046000D01*
M02*
