G75*
%MOIN*%
%OFA0B0*%
%FSLAX25Y25*%
%IPPOS*%
%LPD*%
%AMOC8*
5,1,8,0,0,1.08239X$1,22.5*
%
%ADD10C,0.00004*%
%ADD11C,0.00000*%
D10*
X0045337Y0008874D02*
X0045339Y0009027D01*
X0045345Y0009181D01*
X0045355Y0009334D01*
X0045369Y0009486D01*
X0045387Y0009639D01*
X0045409Y0009790D01*
X0045434Y0009941D01*
X0045464Y0010092D01*
X0045498Y0010242D01*
X0045535Y0010390D01*
X0045576Y0010538D01*
X0045621Y0010684D01*
X0045670Y0010830D01*
X0045723Y0010974D01*
X0045779Y0011116D01*
X0045839Y0011257D01*
X0045903Y0011397D01*
X0045970Y0011535D01*
X0046041Y0011671D01*
X0046116Y0011805D01*
X0046193Y0011937D01*
X0046275Y0012067D01*
X0046359Y0012195D01*
X0046447Y0012321D01*
X0046538Y0012444D01*
X0046632Y0012565D01*
X0046730Y0012683D01*
X0046830Y0012799D01*
X0046934Y0012912D01*
X0047040Y0013023D01*
X0047149Y0013131D01*
X0047261Y0013236D01*
X0047375Y0013337D01*
X0047493Y0013436D01*
X0047612Y0013532D01*
X0047734Y0013625D01*
X0047859Y0013714D01*
X0047986Y0013801D01*
X0048115Y0013883D01*
X0048246Y0013963D01*
X0048379Y0014039D01*
X0048514Y0014112D01*
X0048651Y0014181D01*
X0048790Y0014246D01*
X0048930Y0014308D01*
X0049072Y0014366D01*
X0049215Y0014421D01*
X0049360Y0014472D01*
X0049506Y0014519D01*
X0049653Y0014562D01*
X0049801Y0014601D01*
X0049950Y0014637D01*
X0050100Y0014668D01*
X0050251Y0014696D01*
X0050402Y0014720D01*
X0050555Y0014740D01*
X0050707Y0014756D01*
X0050860Y0014768D01*
X0051013Y0014776D01*
X0051166Y0014780D01*
X0051320Y0014780D01*
X0051473Y0014776D01*
X0051626Y0014768D01*
X0051779Y0014756D01*
X0051931Y0014740D01*
X0052084Y0014720D01*
X0052235Y0014696D01*
X0052386Y0014668D01*
X0052536Y0014637D01*
X0052685Y0014601D01*
X0052833Y0014562D01*
X0052980Y0014519D01*
X0053126Y0014472D01*
X0053271Y0014421D01*
X0053414Y0014366D01*
X0053556Y0014308D01*
X0053696Y0014246D01*
X0053835Y0014181D01*
X0053972Y0014112D01*
X0054107Y0014039D01*
X0054240Y0013963D01*
X0054371Y0013883D01*
X0054500Y0013801D01*
X0054627Y0013714D01*
X0054752Y0013625D01*
X0054874Y0013532D01*
X0054993Y0013436D01*
X0055111Y0013337D01*
X0055225Y0013236D01*
X0055337Y0013131D01*
X0055446Y0013023D01*
X0055552Y0012912D01*
X0055656Y0012799D01*
X0055756Y0012683D01*
X0055854Y0012565D01*
X0055948Y0012444D01*
X0056039Y0012321D01*
X0056127Y0012195D01*
X0056211Y0012067D01*
X0056293Y0011937D01*
X0056370Y0011805D01*
X0056445Y0011671D01*
X0056516Y0011535D01*
X0056583Y0011397D01*
X0056647Y0011257D01*
X0056707Y0011116D01*
X0056763Y0010974D01*
X0056816Y0010830D01*
X0056865Y0010684D01*
X0056910Y0010538D01*
X0056951Y0010390D01*
X0056988Y0010242D01*
X0057022Y0010092D01*
X0057052Y0009941D01*
X0057077Y0009790D01*
X0057099Y0009639D01*
X0057117Y0009486D01*
X0057131Y0009334D01*
X0057141Y0009181D01*
X0057147Y0009027D01*
X0057149Y0008874D01*
X0057147Y0008721D01*
X0057141Y0008567D01*
X0057131Y0008414D01*
X0057117Y0008262D01*
X0057099Y0008109D01*
X0057077Y0007958D01*
X0057052Y0007807D01*
X0057022Y0007656D01*
X0056988Y0007506D01*
X0056951Y0007358D01*
X0056910Y0007210D01*
X0056865Y0007064D01*
X0056816Y0006918D01*
X0056763Y0006774D01*
X0056707Y0006632D01*
X0056647Y0006491D01*
X0056583Y0006351D01*
X0056516Y0006213D01*
X0056445Y0006077D01*
X0056370Y0005943D01*
X0056293Y0005811D01*
X0056211Y0005681D01*
X0056127Y0005553D01*
X0056039Y0005427D01*
X0055948Y0005304D01*
X0055854Y0005183D01*
X0055756Y0005065D01*
X0055656Y0004949D01*
X0055552Y0004836D01*
X0055446Y0004725D01*
X0055337Y0004617D01*
X0055225Y0004512D01*
X0055111Y0004411D01*
X0054993Y0004312D01*
X0054874Y0004216D01*
X0054752Y0004123D01*
X0054627Y0004034D01*
X0054500Y0003947D01*
X0054371Y0003865D01*
X0054240Y0003785D01*
X0054107Y0003709D01*
X0053972Y0003636D01*
X0053835Y0003567D01*
X0053696Y0003502D01*
X0053556Y0003440D01*
X0053414Y0003382D01*
X0053271Y0003327D01*
X0053126Y0003276D01*
X0052980Y0003229D01*
X0052833Y0003186D01*
X0052685Y0003147D01*
X0052536Y0003111D01*
X0052386Y0003080D01*
X0052235Y0003052D01*
X0052084Y0003028D01*
X0051931Y0003008D01*
X0051779Y0002992D01*
X0051626Y0002980D01*
X0051473Y0002972D01*
X0051320Y0002968D01*
X0051166Y0002968D01*
X0051013Y0002972D01*
X0050860Y0002980D01*
X0050707Y0002992D01*
X0050555Y0003008D01*
X0050402Y0003028D01*
X0050251Y0003052D01*
X0050100Y0003080D01*
X0049950Y0003111D01*
X0049801Y0003147D01*
X0049653Y0003186D01*
X0049506Y0003229D01*
X0049360Y0003276D01*
X0049215Y0003327D01*
X0049072Y0003382D01*
X0048930Y0003440D01*
X0048790Y0003502D01*
X0048651Y0003567D01*
X0048514Y0003636D01*
X0048379Y0003709D01*
X0048246Y0003785D01*
X0048115Y0003865D01*
X0047986Y0003947D01*
X0047859Y0004034D01*
X0047734Y0004123D01*
X0047612Y0004216D01*
X0047493Y0004312D01*
X0047375Y0004411D01*
X0047261Y0004512D01*
X0047149Y0004617D01*
X0047040Y0004725D01*
X0046934Y0004836D01*
X0046830Y0004949D01*
X0046730Y0005065D01*
X0046632Y0005183D01*
X0046538Y0005304D01*
X0046447Y0005427D01*
X0046359Y0005553D01*
X0046275Y0005681D01*
X0046193Y0005811D01*
X0046116Y0005943D01*
X0046041Y0006077D01*
X0045970Y0006213D01*
X0045903Y0006351D01*
X0045839Y0006491D01*
X0045779Y0006632D01*
X0045723Y0006774D01*
X0045670Y0006918D01*
X0045621Y0007064D01*
X0045576Y0007210D01*
X0045535Y0007358D01*
X0045498Y0007506D01*
X0045464Y0007656D01*
X0045434Y0007807D01*
X0045409Y0007958D01*
X0045387Y0008109D01*
X0045369Y0008262D01*
X0045355Y0008414D01*
X0045345Y0008567D01*
X0045339Y0008721D01*
X0045337Y0008874D01*
X0116203Y0008874D02*
X0116205Y0009027D01*
X0116211Y0009181D01*
X0116221Y0009334D01*
X0116235Y0009486D01*
X0116253Y0009639D01*
X0116275Y0009790D01*
X0116300Y0009941D01*
X0116330Y0010092D01*
X0116364Y0010242D01*
X0116401Y0010390D01*
X0116442Y0010538D01*
X0116487Y0010684D01*
X0116536Y0010830D01*
X0116589Y0010974D01*
X0116645Y0011116D01*
X0116705Y0011257D01*
X0116769Y0011397D01*
X0116836Y0011535D01*
X0116907Y0011671D01*
X0116982Y0011805D01*
X0117059Y0011937D01*
X0117141Y0012067D01*
X0117225Y0012195D01*
X0117313Y0012321D01*
X0117404Y0012444D01*
X0117498Y0012565D01*
X0117596Y0012683D01*
X0117696Y0012799D01*
X0117800Y0012912D01*
X0117906Y0013023D01*
X0118015Y0013131D01*
X0118127Y0013236D01*
X0118241Y0013337D01*
X0118359Y0013436D01*
X0118478Y0013532D01*
X0118600Y0013625D01*
X0118725Y0013714D01*
X0118852Y0013801D01*
X0118981Y0013883D01*
X0119112Y0013963D01*
X0119245Y0014039D01*
X0119380Y0014112D01*
X0119517Y0014181D01*
X0119656Y0014246D01*
X0119796Y0014308D01*
X0119938Y0014366D01*
X0120081Y0014421D01*
X0120226Y0014472D01*
X0120372Y0014519D01*
X0120519Y0014562D01*
X0120667Y0014601D01*
X0120816Y0014637D01*
X0120966Y0014668D01*
X0121117Y0014696D01*
X0121268Y0014720D01*
X0121421Y0014740D01*
X0121573Y0014756D01*
X0121726Y0014768D01*
X0121879Y0014776D01*
X0122032Y0014780D01*
X0122186Y0014780D01*
X0122339Y0014776D01*
X0122492Y0014768D01*
X0122645Y0014756D01*
X0122797Y0014740D01*
X0122950Y0014720D01*
X0123101Y0014696D01*
X0123252Y0014668D01*
X0123402Y0014637D01*
X0123551Y0014601D01*
X0123699Y0014562D01*
X0123846Y0014519D01*
X0123992Y0014472D01*
X0124137Y0014421D01*
X0124280Y0014366D01*
X0124422Y0014308D01*
X0124562Y0014246D01*
X0124701Y0014181D01*
X0124838Y0014112D01*
X0124973Y0014039D01*
X0125106Y0013963D01*
X0125237Y0013883D01*
X0125366Y0013801D01*
X0125493Y0013714D01*
X0125618Y0013625D01*
X0125740Y0013532D01*
X0125859Y0013436D01*
X0125977Y0013337D01*
X0126091Y0013236D01*
X0126203Y0013131D01*
X0126312Y0013023D01*
X0126418Y0012912D01*
X0126522Y0012799D01*
X0126622Y0012683D01*
X0126720Y0012565D01*
X0126814Y0012444D01*
X0126905Y0012321D01*
X0126993Y0012195D01*
X0127077Y0012067D01*
X0127159Y0011937D01*
X0127236Y0011805D01*
X0127311Y0011671D01*
X0127382Y0011535D01*
X0127449Y0011397D01*
X0127513Y0011257D01*
X0127573Y0011116D01*
X0127629Y0010974D01*
X0127682Y0010830D01*
X0127731Y0010684D01*
X0127776Y0010538D01*
X0127817Y0010390D01*
X0127854Y0010242D01*
X0127888Y0010092D01*
X0127918Y0009941D01*
X0127943Y0009790D01*
X0127965Y0009639D01*
X0127983Y0009486D01*
X0127997Y0009334D01*
X0128007Y0009181D01*
X0128013Y0009027D01*
X0128015Y0008874D01*
X0128013Y0008721D01*
X0128007Y0008567D01*
X0127997Y0008414D01*
X0127983Y0008262D01*
X0127965Y0008109D01*
X0127943Y0007958D01*
X0127918Y0007807D01*
X0127888Y0007656D01*
X0127854Y0007506D01*
X0127817Y0007358D01*
X0127776Y0007210D01*
X0127731Y0007064D01*
X0127682Y0006918D01*
X0127629Y0006774D01*
X0127573Y0006632D01*
X0127513Y0006491D01*
X0127449Y0006351D01*
X0127382Y0006213D01*
X0127311Y0006077D01*
X0127236Y0005943D01*
X0127159Y0005811D01*
X0127077Y0005681D01*
X0126993Y0005553D01*
X0126905Y0005427D01*
X0126814Y0005304D01*
X0126720Y0005183D01*
X0126622Y0005065D01*
X0126522Y0004949D01*
X0126418Y0004836D01*
X0126312Y0004725D01*
X0126203Y0004617D01*
X0126091Y0004512D01*
X0125977Y0004411D01*
X0125859Y0004312D01*
X0125740Y0004216D01*
X0125618Y0004123D01*
X0125493Y0004034D01*
X0125366Y0003947D01*
X0125237Y0003865D01*
X0125106Y0003785D01*
X0124973Y0003709D01*
X0124838Y0003636D01*
X0124701Y0003567D01*
X0124562Y0003502D01*
X0124422Y0003440D01*
X0124280Y0003382D01*
X0124137Y0003327D01*
X0123992Y0003276D01*
X0123846Y0003229D01*
X0123699Y0003186D01*
X0123551Y0003147D01*
X0123402Y0003111D01*
X0123252Y0003080D01*
X0123101Y0003052D01*
X0122950Y0003028D01*
X0122797Y0003008D01*
X0122645Y0002992D01*
X0122492Y0002980D01*
X0122339Y0002972D01*
X0122186Y0002968D01*
X0122032Y0002968D01*
X0121879Y0002972D01*
X0121726Y0002980D01*
X0121573Y0002992D01*
X0121421Y0003008D01*
X0121268Y0003028D01*
X0121117Y0003052D01*
X0120966Y0003080D01*
X0120816Y0003111D01*
X0120667Y0003147D01*
X0120519Y0003186D01*
X0120372Y0003229D01*
X0120226Y0003276D01*
X0120081Y0003327D01*
X0119938Y0003382D01*
X0119796Y0003440D01*
X0119656Y0003502D01*
X0119517Y0003567D01*
X0119380Y0003636D01*
X0119245Y0003709D01*
X0119112Y0003785D01*
X0118981Y0003865D01*
X0118852Y0003947D01*
X0118725Y0004034D01*
X0118600Y0004123D01*
X0118478Y0004216D01*
X0118359Y0004312D01*
X0118241Y0004411D01*
X0118127Y0004512D01*
X0118015Y0004617D01*
X0117906Y0004725D01*
X0117800Y0004836D01*
X0117696Y0004949D01*
X0117596Y0005065D01*
X0117498Y0005183D01*
X0117404Y0005304D01*
X0117313Y0005427D01*
X0117225Y0005553D01*
X0117141Y0005681D01*
X0117059Y0005811D01*
X0116982Y0005943D01*
X0116907Y0006077D01*
X0116836Y0006213D01*
X0116769Y0006351D01*
X0116705Y0006491D01*
X0116645Y0006632D01*
X0116589Y0006774D01*
X0116536Y0006918D01*
X0116487Y0007064D01*
X0116442Y0007210D01*
X0116401Y0007358D01*
X0116364Y0007506D01*
X0116330Y0007656D01*
X0116300Y0007807D01*
X0116275Y0007958D01*
X0116253Y0008109D01*
X0116235Y0008262D01*
X0116221Y0008414D01*
X0116211Y0008567D01*
X0116205Y0008721D01*
X0116203Y0008874D01*
D11*
X0070928Y0001000D02*
X0015810Y0001000D01*
X0015830Y0002686D01*
X0015890Y0004372D01*
X0015991Y0006056D01*
X0016131Y0007736D01*
X0016311Y0009413D01*
X0016531Y0011085D01*
X0016791Y0012752D01*
X0017091Y0014411D01*
X0017430Y0016064D01*
X0017808Y0017707D01*
X0018225Y0019341D01*
X0018681Y0020965D01*
X0019175Y0022578D01*
X0019708Y0024178D01*
X0020278Y0025765D01*
X0020886Y0027338D01*
X0021532Y0028896D01*
X0022214Y0030439D01*
X0022933Y0031965D01*
X0023688Y0033473D01*
X0024478Y0034962D01*
X0025304Y0036433D01*
X0026165Y0037883D01*
X0027060Y0039313D01*
X0027988Y0040721D01*
X0028950Y0042106D01*
X0029945Y0043468D01*
X0030972Y0044806D01*
X0032030Y0046120D01*
X0033119Y0047407D01*
X0034239Y0048669D01*
X0035388Y0049903D01*
X0036566Y0051110D01*
X0070928Y0001000D02*
X0070933Y0001383D01*
X0070947Y0001767D01*
X0070970Y0002150D01*
X0071003Y0002532D01*
X0071045Y0002913D01*
X0071096Y0003293D01*
X0071156Y0003672D01*
X0071226Y0004049D01*
X0071305Y0004424D01*
X0071393Y0004797D01*
X0071490Y0005168D01*
X0071596Y0005537D01*
X0071711Y0005903D01*
X0071834Y0006266D01*
X0071967Y0006626D01*
X0072108Y0006982D01*
X0072258Y0007335D01*
X0072417Y0007684D01*
X0072584Y0008030D01*
X0072759Y0008371D01*
X0072943Y0008707D01*
X0073135Y0009039D01*
X0073335Y0009367D01*
X0073542Y0009689D01*
X0073758Y0010006D01*
X0073981Y0010318D01*
X0074212Y0010625D01*
X0074450Y0010925D01*
X0074695Y0011220D01*
X0074947Y0011509D01*
X0075207Y0011791D01*
X0075473Y0012068D01*
X0075746Y0012337D01*
X0076025Y0012600D01*
X0076311Y0012856D01*
X0076602Y0013105D01*
X0076900Y0013346D01*
X0077204Y0013581D01*
X0077513Y0013808D01*
X0077827Y0014027D01*
X0078147Y0014239D01*
X0078472Y0014442D01*
X0078802Y0014638D01*
X0079136Y0014826D01*
X0079475Y0015005D01*
X0079819Y0015177D01*
X0080166Y0015339D01*
X0080517Y0015494D01*
X0080872Y0015639D01*
X0081230Y0015776D01*
X0081591Y0015905D01*
X0081956Y0016024D01*
X0082323Y0016134D01*
X0082693Y0016236D01*
X0083065Y0016328D01*
X0083439Y0016412D01*
X0083816Y0016486D01*
X0084194Y0016551D01*
X0084573Y0016607D01*
X0084954Y0016654D01*
X0085335Y0016691D01*
X0085718Y0016719D01*
X0086101Y0016737D01*
X0086484Y0016747D01*
X0086868Y0016747D01*
X0087251Y0016737D01*
X0087634Y0016719D01*
X0088017Y0016691D01*
X0088398Y0016654D01*
X0088779Y0016607D01*
X0089158Y0016551D01*
X0089536Y0016486D01*
X0089913Y0016412D01*
X0090287Y0016328D01*
X0090659Y0016236D01*
X0091029Y0016134D01*
X0091396Y0016024D01*
X0091761Y0015905D01*
X0092122Y0015776D01*
X0092480Y0015639D01*
X0092835Y0015494D01*
X0093186Y0015339D01*
X0093533Y0015177D01*
X0093877Y0015005D01*
X0094216Y0014826D01*
X0094550Y0014638D01*
X0094880Y0014442D01*
X0095205Y0014239D01*
X0095525Y0014027D01*
X0095839Y0013808D01*
X0096148Y0013581D01*
X0096452Y0013346D01*
X0096750Y0013105D01*
X0097041Y0012856D01*
X0097327Y0012600D01*
X0097606Y0012337D01*
X0097879Y0012068D01*
X0098145Y0011791D01*
X0098405Y0011509D01*
X0098657Y0011220D01*
X0098902Y0010925D01*
X0099140Y0010625D01*
X0099371Y0010318D01*
X0099594Y0010006D01*
X0099810Y0009689D01*
X0100017Y0009367D01*
X0100217Y0009039D01*
X0100409Y0008707D01*
X0100593Y0008371D01*
X0100768Y0008030D01*
X0100935Y0007684D01*
X0101094Y0007335D01*
X0101244Y0006982D01*
X0101385Y0006626D01*
X0101518Y0006266D01*
X0101641Y0005903D01*
X0101756Y0005537D01*
X0101862Y0005168D01*
X0101959Y0004797D01*
X0102047Y0004424D01*
X0102126Y0004049D01*
X0102196Y0003672D01*
X0102256Y0003293D01*
X0102307Y0002913D01*
X0102349Y0002532D01*
X0102382Y0002150D01*
X0102405Y0001767D01*
X0102419Y0001383D01*
X0102424Y0001000D01*
X0157542Y0001000D01*
X0157521Y0002721D01*
X0157458Y0004441D01*
X0157354Y0006160D01*
X0157208Y0007875D01*
X0157020Y0009586D01*
X0156791Y0011292D01*
X0156520Y0012992D01*
X0156208Y0014685D01*
X0155855Y0016369D01*
X0155462Y0018045D01*
X0155027Y0019711D01*
X0154553Y0021365D01*
X0154038Y0023008D01*
X0153484Y0024638D01*
X0152890Y0026253D01*
X0152257Y0027854D01*
X0151585Y0029439D01*
X0150875Y0031007D01*
X0150128Y0032557D01*
X0149342Y0034089D01*
X0148520Y0035602D01*
X0147662Y0037093D01*
X0146767Y0038564D01*
X0145837Y0040012D01*
X0144872Y0041438D01*
X0143873Y0042839D01*
X0142840Y0044216D01*
X0141773Y0045568D01*
X0140675Y0046893D01*
X0139544Y0048191D01*
X0138382Y0049461D01*
X0137190Y0050702D01*
X0135968Y0051915D01*
X0134717Y0053097D01*
X0133437Y0054248D01*
X0132130Y0055368D01*
X0130796Y0056456D01*
X0129436Y0057512D01*
X0128051Y0058533D01*
X0126641Y0059521D01*
X0125208Y0060475D01*
X0123752Y0061393D01*
X0122275Y0062276D01*
X0120776Y0063122D01*
X0119257Y0063932D01*
X0117719Y0064705D01*
X0116162Y0065440D01*
X0114588Y0066137D01*
X0112998Y0066796D01*
X0111392Y0067416D01*
X0109772Y0067997D01*
X0108138Y0068538D01*
X0106491Y0069039D01*
X0104833Y0069501D01*
X0103164Y0069921D01*
X0101485Y0070301D01*
X0099797Y0070641D01*
X0098102Y0070939D01*
X0096400Y0071196D01*
X0094692Y0071411D01*
X0092979Y0071585D01*
X0091263Y0071717D01*
X0089544Y0071808D01*
X0087824Y0071857D01*
X0086102Y0071864D01*
X0084381Y0071829D01*
X0082662Y0071752D01*
X0080944Y0071634D01*
X0079230Y0071474D01*
X0077521Y0071272D01*
X0075817Y0071029D01*
X0074119Y0070745D01*
X0072429Y0070419D01*
X0070747Y0070053D01*
X0069075Y0069645D01*
X0067412Y0069198D01*
X0065762Y0068710D01*
X0064123Y0068182D01*
X0062498Y0067614D01*
X0060888Y0067007D01*
X0059292Y0066361D01*
X0057712Y0065677D01*
X0056150Y0064954D01*
X0054606Y0064194D01*
X0053080Y0063397D01*
X0051575Y0062562D01*
X0050090Y0061691D01*
X0048627Y0060785D01*
X0047186Y0059843D01*
X0045768Y0058867D01*
X0044375Y0057856D01*
X0043006Y0056812D01*
X0041664Y0055735D01*
X0040348Y0054625D01*
X0039059Y0053484D01*
X0037798Y0052312D01*
X0036566Y0051110D01*
M02*
